[0000559f5fc40640] main libvlc: Running vlc with the default interface. Use 'cvlc' to use vlc without interface.
[00007f0648004550] gl gl: Initialized libplacebo v2.72.0 (API v72)
libva info: VA-API version 1.12.0
libva info: Trying to open /usr/lib/x86_64-linux-gnu/dri/radeonsi_drv_video.so
libva info: Found init function __vaDriverInit_1_12
libva info: va_openDriver() returns 0
mesa: for the --simplifycfg-sink-common option: may only occur zero or one times!
mesa: for the --global-isel-abort option: may only occur zero or one times!
mesa: for the --amdgpu-atomic-optimizations option: may only occur zero or one times!
[00007f05f40592b0] gl gl: Initialized libplacebo v2.72.0 (API v72)
[00007f06640204f0] main decoder error: buffer deadlock prevented
[00007f05f40315a0] gl gl: Initialized libplacebo v2.72.0 (API v72)
libva info: VA-API version 1.12.0
libva info: Trying to open /usr/lib/x86_64-linux-gnu/dri/radeonsi_drv_video.so
libva info: Found init function __vaDriverInit_1_12
libva info: va_openDriver() returns 0
[00007f0600051d90] gl gl: Initialized libplacebo v2.72.0 (API v72)
[00007f0661015c10] main decoder error: buffer deadlock prevented
[mjpeg @ 0x7f0661002c80] overread 8
[mjpeg @ 0x7f0661002c80] overread 8
[mjpeg @ 0x7f0661002c80] overread 8
[mjpeg @ 0x7f0661002c80] overread 8
[mjpeg @ 0x7f0661002c80] overread 8
[mjpeg @ 0x7f0661002c80] overread 8
[mjpeg @ 0x7f0661002c80] overread 8
[mjpeg @ 0x7f0661002c80] overread 8
[mjpeg @ 0x7f0661002c80] overread 8
[mjpeg @ 0x7f0661002c80] overread 8
[mjpeg @ 0x7f0661002c80] overread 8
[mjpeg @ 0x7f0661002c80] overread 8
[mjpeg @ 0x7f0661002c80] overread 8
[mjpeg @ 0x7f0661002c80] overread 8
[mjpeg @ 0x7f0661002c80] overread 8
[mjpeg @ 0x7f0661002c80] overread 8
[mjpeg @ 0x7f0661002c80] overread 8
[mjpeg @ 0x7f0661002c80] overread 8
[mjpeg @ 0x7f0661002c80] overread 8
[mjpeg @ 0x7f0661002c80] overread 8
[mjpeg @ 0x7f0661002c80] overread 8
[mjpeg @ 0x7f0661002c80] overread 8
[mjpeg @ 0x7f0661002c80] overread 8
[mjpeg @ 0x7f0661002c80] overread 8
[mjpeg @ 0x7f0661002c80] overread 8
[mjpeg @ 0x7f0661002c80] overread 8
[mjpeg @ 0x7f0661002c80] overread 8
[mjpeg @ 0x7f0661002c80] overread 8
[mjpeg @ 0x7f0661002c80] overread 8
[mjpeg @ 0x7f0661002c80] overread 8
[mjpeg @ 0x7f0661002c80] overread 8
[mjpeg @ 0x7f0661002c80] overread 8
[mjpeg @ 0x7f0661002c80] overread 8
[mjpeg @ 0x7f0661002c80] overread 8
[mjpeg @ 0x7f0661002c80] overread 8
[mjpeg @ 0x7f0661002c80] overread 8
[mjpeg @ 0x7f0661002c80] overread 8
[mjpeg @ 0x7f0661002c80] overread 8
[mjpeg @ 0x7f0661002c80] overread 8
[mjpeg @ 0x7f0661002c80] overread 8
[mjpeg @ 0x7f0661002c80] overread 8
[mjpeg @ 0x7f0661002c80] overread 8
[mjpeg @ 0x7f0661002c80] overread 8
[mjpeg @ 0x7f0661002c80] overread 8
[mjpeg @ 0x7f0661002c80] overread 8
[mjpeg @ 0x7f0661002c80] overread 8
[mjpeg @ 0x7f0661002c80] overread 8
[mjpeg @ 0x7f0661002c80] overread 8
[mjpeg @ 0x7f0661002c80] overread 8
[mjpeg @ 0x7f0661002c80] overread 8
[mjpeg @ 0x7f0661002c80] overread 8
[mjpeg @ 0x7f0661002c80] overread 8
[mjpeg @ 0x7f0661002c80] overread 8
[mjpeg @ 0x7f0661002c80] overread 8
[mjpeg @ 0x7f0661002c80] overread 8
[mjpeg @ 0x7f0661002c80] overread 8
[mjpeg @ 0x7f0661002c80] overread 8
[mjpeg @ 0x7f0661002c80] overread 8
[mjpeg @ 0x7f0661002c80] overread 8
[mjpeg @ 0x7f0661002c80] overread 8
[mjpeg @ 0x7f0661002c80] overread 8
[mjpeg @ 0x7f0661002c80] overread 8
[mjpeg @ 0x7f0661002c80] overread 8
[mjpeg @ 0x7f0661002c80] overread 8
[mjpeg @ 0x7f0661002c80] overread 8
[mjpeg @ 0x7f0661002c80] overread 8
[mjpeg @ 0x7f0661002c80] overread 8
[mjpeg @ 0x7f0661002c80] overread 8
[mjpeg @ 0x7f0661002c80] overread 8
[mjpeg @ 0x7f0661002c80] overread 8
[mjpeg @ 0x7f0661002c80] overread 8
[mjpeg @ 0x7f0661002c80] overread 8
[mjpeg @ 0x7f0661002c80] overread 8
[mjpeg @ 0x7f0661002c80] overread 8
[mjpeg @ 0x7f0661002c80] overread 8
[mjpeg @ 0x7f0661002c80] overread 8
[mjpeg @ 0x7f0661002c80] overread 8
[mjpeg @ 0x7f0661002c80] overread 8
[mjpeg @ 0x7f0661002c80] overread 8
[mjpeg @ 0x7f0661002c80] overread 8
[mjpeg @ 0x7f0661002c80] overread 8
[mjpeg @ 0x7f0661002c80] overread 8
[mjpeg @ 0x7f0661002c80] overread 8
[mjpeg @ 0x7f0661002c80] overread 8
[mjpeg @ 0x7f0661002c80] overread 8
[mjpeg @ 0x7f0661002c80] overread 8
[mjpeg @ 0x7f0661002c80] overread 8
[mjpeg @ 0x7f0661002c80] overread 8
[mjpeg @ 0x7f0661002c80] overread 8
[mjpeg @ 0x7f0661002c80] overread 8
[mjpeg @ 0x7f0661002c80] overread 8
[mjpeg @ 0x7f0661002c80] overread 8
[mjpeg @ 0x7f0661002c80] overread 8
[mjpeg @ 0x7f0661002c80] overread 8
[mjpeg @ 0x7f0661002c80] overread 8
[mjpeg @ 0x7f0661002c80] overread 8
[mjpeg @ 0x7f0661002c80] overread 8
[mjpeg @ 0x7f0661002c80] overread 8
[mjpeg @ 0x7f0661002c80] overread 8
[mjpeg @ 0x7f0661002c80] overread 8
[mjpeg @ 0x7f0661002c80] overread 8
[mjpeg @ 0x7f0661002c80] overread 8
[mjpeg @ 0x7f0661002c80] overread 8
[mjpeg @ 0x7f0661002c80] overread 8
[mjpeg @ 0x7f0661002c80] overread 8
[mjpeg @ 0x7f0661002c80] overread 8
[mjpeg @ 0x7f0661002c80] overread 8
[mjpeg @ 0x7f0661002c80] overread 8
[mjpeg @ 0x7f0661002c80] overread 8
[mjpeg @ 0x7f0661002c80] overread 8
[mjpeg @ 0x7f0661002c80] overread 8
[mjpeg @ 0x7f0661002c80] overread 8
[mjpeg @ 0x7f0661002c80] overread 8
[mjpeg @ 0x7f0661002c80] overread 8
[mjpeg @ 0x7f0661002c80] overread 8
[mjpeg @ 0x7f0661002c80] overread 8
[mjpeg @ 0x7f0661002c80] overread 8
[mjpeg @ 0x7f0661002c80] overread 8
[mjpeg @ 0x7f0661002c80] overread 8
[mjpeg @ 0x7f0661002c80] overread 8
[mjpeg @ 0x7f0661002c80] overread 8
[mjpeg @ 0x7f0661002c80] overread 8
[mjpeg @ 0x7f0661002c80] overread 8
[mjpeg @ 0x7f0661002c80] overread 8
[mjpeg @ 0x7f0661002c80] overread 8
[mjpeg @ 0x7f0661002c80] overread 8
[mjpeg @ 0x7f0661002c80] overread 8
[mjpeg @ 0x7f0661002c80] overread 8
[mjpeg @ 0x7f0661002c80] overread 8
[mjpeg @ 0x7f0661002c80] overread 8
[mjpeg @ 0x7f0661002c80] overread 8
[mjpeg @ 0x7f0661002c80] overread 8
[mjpeg @ 0x7f0661002c80] overread 8
[mjpeg @ 0x7f0661002c80] overread 8
[mjpeg @ 0x7f0661002c80] overread 8
[mjpeg @ 0x7f0661002c80] overread 8
[mjpeg @ 0x7f0661002c80] overread 8
[mjpeg @ 0x7f0661002c80] overread 8
[mjpeg @ 0x7f0661002c80] overread 8
[mjpeg @ 0x7f0661002c80] overread 8
[mjpeg @ 0x7f0661002c80] overread 8
[mjpeg @ 0x7f0661002c80] overread 8
[mjpeg @ 0x7f0661002c80] overread 8
[mjpeg @ 0x7f0661002c80] overread 8
[mjpeg @ 0x7f0661002c80] overread 8
[mjpeg @ 0x7f0661002c80] overread 8
[mjpeg @ 0x7f0661002c80] overread 8
[mjpeg @ 0x7f0661002c80] overread 8
[mjpeg @ 0x7f0661002c80] overread 8
[mjpeg @ 0x7f0661002c80] overread 8
[mjpeg @ 0x7f0661002c80] overread 8
[mjpeg @ 0x7f0661002c80] overread 8
[mjpeg @ 0x7f0661002c80] overread 8
[mjpeg @ 0x7f0661002c80] overread 8
[mjpeg @ 0x7f0661002c80] overread 8
[mjpeg @ 0x7f0661002c80] overread 8
[mjpeg @ 0x7f0661002c80] overread 8
[mjpeg @ 0x7f0661002c80] overread 8
[mjpeg @ 0x7f0661002c80] overread 8
[mjpeg @ 0x7f0661002c80] overread 8
[mjpeg @ 0x7f0661002c80] overread 8
[mjpeg @ 0x7f0661002c80] overread 8
[mjpeg @ 0x7f0661002c80] overread 8
[mjpeg @ 0x7f0661002c80] overread 8
[mjpeg @ 0x7f0661002c80] overread 8
[mjpeg @ 0x7f0661002c80] overread 8
[mjpeg @ 0x7f0661002c80] overread 8
[mjpeg @ 0x7f0661002c80] overread 8
[mjpeg @ 0x7f0661002c80] overread 8
[mjpeg @ 0x7f0661002c80] overread 8
[mjpeg @ 0x7f0661002c80] overread 8
[mjpeg @ 0x7f0661002c80] overread 8
[mjpeg @ 0x7f0661002c80] overread 8
[mjpeg @ 0x7f0661002c80] overread 8
[mjpeg @ 0x7f0661002c80] overread 8
[mjpeg @ 0x7f0661002c80] overread 8
[mjpeg @ 0x7f0661002c80] overread 8
[mjpeg @ 0x7f0661002c80] overread 8
[mjpeg @ 0x7f0661002c80] overread 8
[mjpeg @ 0x7f0661002c80] overread 8
[mjpeg @ 0x7f0661002c80] overread 8
[mjpeg @ 0x7f0661002c80] overread 8
[mjpeg @ 0x7f0661002c80] overread 8
[mjpeg @ 0x7f0661002c80] overread 8
[mjpeg @ 0x7f0661002c80] overread 8
[mjpeg @ 0x7f0661002c80] overread 8
[mjpeg @ 0x7f0661002c80] overread 8
[mjpeg @ 0x7f0661002c80] overread 5
[mjpeg @ 0x7f0661002c80] overread 8
[mjpeg @ 0x7f0661002c80] overread 8
[mjpeg @ 0x7f0661002c80] overread 8
[mjpeg @ 0x7f0661002c80] overread 8
[mjpeg @ 0x7f0661002c80] overread 8
[mjpeg @ 0x7f0661002c80] overread 8
[mjpeg @ 0x7f0661002c80] overread 8
[mjpeg @ 0x7f0661002c80] overread 8
[mjpeg @ 0x7f0661002c80] overread 8
[mjpeg @ 0x7f0661002c80] overread 8
[mjpeg @ 0x7f0661002c80] overread 8
[mjpeg @ 0x7f0661002c80] overread 8
[mjpeg @ 0x7f0661002c80] overread 8
[mjpeg @ 0x7f0661002c80] overread 8
[mjpeg @ 0x7f0661002c80] overread 8
[mjpeg @ 0x7f0661002c80] overread 8
[mjpeg @ 0x7f0661002c80] overread 8
[mjpeg @ 0x7f0661002c80] overread 8
[mjpeg @ 0x7f0661002c80] overread 8
[mjpeg @ 0x7f0661002c80] overread 8
[mjpeg @ 0x7f0661002c80] overread 8
[mjpeg @ 0x7f0661002c80] overread 8
[mjpeg @ 0x7f0661002c80] overread 8
[mjpeg @ 0x7f0661002c80] overread 8
[mjpeg @ 0x7f0661002c80] overread 8
[mjpeg @ 0x7f0661002c80] overread 8
[mjpeg @ 0x7f0661002c80] overread 8
[mjpeg @ 0x7f0661002c80] overread 8
[mjpeg @ 0x7f0661002c80] overread 8
[mjpeg @ 0x7f0661002c80] overread 8
[mjpeg @ 0x7f0661002c80] overread 8
[mjpeg @ 0x7f0661002c80] overread 8
[mjpeg @ 0x7f0661002c80] overread 8
[mjpeg @ 0x7f0661002c80] overread 8
[mjpeg @ 0x7f0661002c80] overread 8
[mjpeg @ 0x7f0661002c80] overread 8
[mjpeg @ 0x7f0661002c80] overread 8
[mjpeg @ 0x7f0661002c80] overread 8
[mjpeg @ 0x7f0661002c80] overread 8
[mjpeg @ 0x7f0661002c80] overread 8
[mjpeg @ 0x7f0661002c80] overread 8
[mjpeg @ 0x7f0661002c80] overread 8
[mjpeg @ 0x7f0661002c80] overread 8
[mjpeg @ 0x7f0661002c80] overread 8
[mjpeg @ 0x7f0661002c80] overread 8
[mjpeg @ 0x7f0661002c80] overread 8
[mjpeg @ 0x7f0661002c80] overread 8
[mjpeg @ 0x7f0661002c80] overread 8
[mjpeg @ 0x7f0661002c80] overread 8
[mjpeg @ 0x7f0661002c80] overread 8
[mjpeg @ 0x7f0661002c80] overread 8
[mjpeg @ 0x7f0661002c80] overread 8
[mjpeg @ 0x7f0661002c80] overread 8
[mjpeg @ 0x7f0661002c80] overread 5
[mjpeg @ 0x7f0661002c80] overread 8
[mjpeg @ 0x7f0661002c80] overread 8
[mjpeg @ 0x7f0661002c80] overread 8
[mjpeg @ 0x7f0661002c80] overread 8
[mjpeg @ 0x7f0661002c80] overread 8
[mjpeg @ 0x7f0661002c80] overread 8
[mjpeg @ 0x7f0661002c80] overread 8
[mjpeg @ 0x7f0661002c80] overread 8
[mjpeg @ 0x7f0661002c80] overread 8
[mjpeg @ 0x7f0661002c80] overread 8
[mjpeg @ 0x7f0661002c80] overread 8
[mjpeg @ 0x7f0661002c80] overread 8
[mjpeg @ 0x7f0661002c80] overread 8
[mjpeg @ 0x7f0661002c80] overread 8
[mjpeg @ 0x7f0661002c80] overread 8
[mjpeg @ 0x7f0661002c80] overread 8
[mjpeg @ 0x7f0661002c80] overread 8
[mjpeg @ 0x7f0661002c80] overread 8
[mjpeg @ 0x7f0661002c80] overread 8
[mjpeg @ 0x7f0661002c80] overread 8
[mjpeg @ 0x7f0661002c80] overread 5
[mjpeg @ 0x7f0661002c80] overread 8
[mjpeg @ 0x7f0661002c80] overread 8
[mjpeg @ 0x7f0661002c80] overread 8
[mjpeg @ 0x7f0661002c80] overread 8
[mjpeg @ 0x7f0661002c80] overread 8
[mjpeg @ 0x7f0661002c80] overread 8
[mjpeg @ 0x7f0661002c80] overread 8
[mjpeg @ 0x7f0661002c80] overread 8
[mjpeg @ 0x7f0661002c80] overread 8
[mjpeg @ 0x7f0661002c80] overread 8
[mjpeg @ 0x7f0661002c80] overread 8
[mjpeg @ 0x7f0661002c80] overread 8
[mjpeg @ 0x7f0661002c80] overread 8
[mjpeg @ 0x7f0661002c80] overread 8
[mjpeg @ 0x7f0661002c80] overread 8
[mjpeg @ 0x7f0661002c80] overread 8
[mjpeg @ 0x7f0661002c80] overread 8
[mjpeg @ 0x7f0661002c80] overread 8
[mjpeg @ 0x7f0661002c80] overread 8
[mjpeg @ 0x7f0661002c80] overread 8
[mjpeg @ 0x7f0661002c80] overread 2
[mjpeg @ 0x7f0661002c80] overread 8
[mjpeg @ 0x7f0661002c80] overread 8
[mjpeg @ 0x7f0661002c80] overread 8
[mjpeg @ 0x7f0661002c80] overread 8
[mjpeg @ 0x7f0661002c80] overread 8
[mjpeg @ 0x7f0661002c80] overread 8
[mjpeg @ 0x7f0661002c80] overread 8
[mjpeg @ 0x7f0661002c80] overread 8
[mjpeg @ 0x7f0661002c80] overread 8
[mjpeg @ 0x7f0661002c80] overread 8
[mjpeg @ 0x7f0661002c80] overread 8
[mjpeg @ 0x7f0661002c80] overread 8
[mjpeg @ 0x7f0661002c80] overread 8
[mjpeg @ 0x7f0661002c80] overread 8
[mjpeg @ 0x7f0661002c80] overread 8
[mjpeg @ 0x7f0661002c80] overread 8
[mjpeg @ 0x7f0661002c80] overread 8
[mjpeg @ 0x7f0661002c80] overread 8
[mjpeg @ 0x7f0661002c80] overread 8
[mjpeg @ 0x7f0661002c80] overread 8
[mjpeg @ 0x7f0661002c80] overread 8
[mjpeg @ 0x7f0661002c80] overread 8
[mjpeg @ 0x7f0661002c80] overread 8
[mjpeg @ 0x7f0661002c80] overread 8
[mjpeg @ 0x7f0661002c80] overread 8
[mjpeg @ 0x7f0661002c80] overread 8
[mjpeg @ 0x7f0661002c80] overread 8
[mjpeg @ 0x7f0661002c80] overread 8
[mjpeg @ 0x7f0661002c80] overread 8
[mjpeg @ 0x7f0661002c80] overread 8
[mjpeg @ 0x7f0661002c80] overread 8
[mjpeg @ 0x7f0661002c80] overread 8
[mjpeg @ 0x7f0661002c80] overread 8
[mjpeg @ 0x7f0661002c80] overread 8
[mjpeg @ 0x7f0661002c80] overread 8
[mjpeg @ 0x7f0661002c80] overread 8
[mjpeg @ 0x7f0661002c80] overread 8
[mjpeg @ 0x7f0661002c80] overread 8
[mjpeg @ 0x7f0661002c80] overread 8
[mjpeg @ 0x7f0661002c80] overread 8
[mjpeg @ 0x7f0661002c80] overread 8
[mjpeg @ 0x7f0661002c80] overread 8
[mjpeg @ 0x7f0661002c80] overread 8
[mjpeg @ 0x7f0661002c80] overread 8
[mjpeg @ 0x7f0661002c80] overread 8
[mjpeg @ 0x7f0661002c80] overread 8
[mjpeg @ 0x7f0661002c80] overread 8
[mjpeg @ 0x7f0661002c80] overread 8
[mjpeg @ 0x7f0661002c80] overread 8
[mjpeg @ 0x7f0661002c80] overread 8
[mjpeg @ 0x7f0661002c80] overread 8
[mjpeg @ 0x7f0661002c80] overread 8
[mjpeg @ 0x7f0661002c80] overread 8
[mjpeg @ 0x7f0661002c80] overread 8
[mjpeg @ 0x7f0661002c80] overread 8
[mjpeg @ 0x7f0661002c80] overread 8
[mjpeg @ 0x7f0661002c80] overread 8
[mjpeg @ 0x7f0661002c80] overread 8
[mjpeg @ 0x7f0661002c80] overread 8
[mjpeg @ 0x7f0661002c80] overread 8
[mjpeg @ 0x7f0661002c80] overread 8
[mjpeg @ 0x7f0661002c80] overread 8
[mjpeg @ 0x7f0661002c80] overread 8
[mjpeg @ 0x7f0661002c80] overread 8
[mjpeg @ 0x7f0661002c80] overread 8
[mjpeg @ 0x7f0661002c80] overread 8
[mjpeg @ 0x7f0661002c80] overread 8
[mjpeg @ 0x7f0661002c80] overread 5
[mjpeg @ 0x7f0661002c80] overread 8
[mjpeg @ 0x7f0661002c80] overread 8
[mjpeg @ 0x7f0661002c80] overread 8
[mjpeg @ 0x7f0661002c80] overread 8
[mjpeg @ 0x7f0661002c80] overread 8
[mjpeg @ 0x7f0661002c80] overread 8
[mjpeg @ 0x7f0661002c80] overread 8
[mjpeg @ 0x7f0661002c80] overread 8
[mjpeg @ 0x7f0661002c80] overread 8
[mjpeg @ 0x7f0661002c80] overread 8
[mjpeg @ 0x7f0661002c80] overread 8
[mjpeg @ 0x7f0661002c80] overread 8
[mjpeg @ 0x7f0661002c80] overread 8
[mjpeg @ 0x7f0661002c80] overread 8
[mjpeg @ 0x7f0661002c80] overread 8
[mjpeg @ 0x7f0661002c80] overread 8
[mjpeg @ 0x7f0661002c80] overread 8
[mjpeg @ 0x7f0661002c80] overread 8
[mjpeg @ 0x7f0661002c80] overread 8
[mjpeg @ 0x7f0661002c80] overread 8
[mjpeg @ 0x7f0661002c80] overread 8
[mjpeg @ 0x7f0661002c80] overread 8
[mjpeg @ 0x7f0661002c80] overread 8
[mjpeg @ 0x7f0661002c80] overread 8
[mjpeg @ 0x7f0661002c80] overread 8
[mjpeg @ 0x7f0661002c80] overread 8
[mjpeg @ 0x7f0661002c80] overread 8
[mjpeg @ 0x7f0661002c80] overread 8
[mjpeg @ 0x7f0661002c80] overread 8
[mjpeg @ 0x7f0661002c80] overread 8
[mjpeg @ 0x7f0661002c80] overread 8
[00007f05f40295b0] gl gl: Initialized libplacebo v2.72.0 (API v72)
libva info: VA-API version 1.12.0
libva info: Trying to open /usr/lib/x86_64-linux-gnu/dri/radeonsi_drv_video.so
libva info: Found init function __vaDriverInit_1_12
libva info: va_openDriver() returns 0
[00007f06c001bd10] gl gl: Initialized libplacebo v2.72.0 (API v72)
[00007f0661009290] main decoder error: buffer deadlock prevented
[mjpeg @ 0x7f0661002bc0] overread 8
[mjpeg @ 0x7f0661002bc0] overread 8
[mjpeg @ 0x7f0661002bc0] overread 8
[mjpeg @ 0x7f0661002bc0] overread 8
[mjpeg @ 0x7f0661002bc0] overread 8
[mjpeg @ 0x7f0661002bc0] overread 8
[mjpeg @ 0x7f0661002bc0] overread 8
[mjpeg @ 0x7f0661002bc0] overread 8
[mjpeg @ 0x7f0661002bc0] overread 8
[mjpeg @ 0x7f0661002bc0] overread 8
[mjpeg @ 0x7f0661002bc0] overread 8
[mjpeg @ 0x7f0661002bc0] overread 8
[mjpeg @ 0x7f0661002bc0] overread 8
[mjpeg @ 0x7f0661002bc0] overread 8
[mjpeg @ 0x7f0661002bc0] overread 8
[mjpeg @ 0x7f0661002bc0] overread 8
[mjpeg @ 0x7f0661002bc0] overread 8
[mjpeg @ 0x7f0661002bc0] overread 8
[mjpeg @ 0x7f0661002bc0] overread 8
[mjpeg @ 0x7f0661002bc0] overread 8
[mjpeg @ 0x7f0661002bc0] overread 8
[mjpeg @ 0x7f0661002bc0] overread 8
[mjpeg @ 0x7f0661002bc0] overread 8
[mjpeg @ 0x7f0661002bc0] overread 2
[mjpeg @ 0x7f0661002bc0] overread 8
[mjpeg @ 0x7f0661002bc0] overread 8
[mjpeg @ 0x7f0661002bc0] overread 8
[mjpeg @ 0x7f0661002bc0] overread 8
[mjpeg @ 0x7f0661002bc0] overread 8
[mjpeg @ 0x7f0661002bc0] overread 8
[mjpeg @ 0x7f0661002bc0] overread 8
[mjpeg @ 0x7f0661002bc0] overread 8
[mjpeg @ 0x7f0661002bc0] overread 8
[mjpeg @ 0x7f0661002bc0] overread 8
[mjpeg @ 0x7f0661002bc0] overread 8
[mjpeg @ 0x7f0661002bc0] overread 8
[mjpeg @ 0x7f0661002bc0] overread 8
[mjpeg @ 0x7f0661002bc0] overread 8
[mjpeg @ 0x7f0661002bc0] overread 8
[mjpeg @ 0x7f0661002bc0] overread 8
[mjpeg @ 0x7f0661002bc0] overread 8
[mjpeg @ 0x7f0661002bc0] overread 8
[mjpeg @ 0x7f0661002bc0] overread 8
[mjpeg @ 0x7f0661002bc0] overread 8
[mjpeg @ 0x7f0661002bc0] overread 8
[mjpeg @ 0x7f0661002bc0] overread 8
[mjpeg @ 0x7f0661002bc0] overread 8
[mjpeg @ 0x7f0661002bc0] overread 8
[mjpeg @ 0x7f0661002bc0] overread 8
[mjpeg @ 0x7f0661002bc0] overread 8
[mjpeg @ 0x7f0661002bc0] overread 8
[mjpeg @ 0x7f0661002bc0] overread 8
[mjpeg @ 0x7f0661002bc0] overread 8
[mjpeg @ 0x7f0661002bc0] overread 8
[mjpeg @ 0x7f0661002bc0] overread 8
[mjpeg @ 0x7f0661002bc0] overread 8
[mjpeg @ 0x7f0661002bc0] overread 8
[mjpeg @ 0x7f0661002bc0] overread 8
[mjpeg @ 0x7f0661002bc0] overread 8
[mjpeg @ 0x7f0661002bc0] overread 8
[mjpeg @ 0x7f0661002bc0] overread 8
[mjpeg @ 0x7f0661002bc0] overread 8
[mjpeg @ 0x7f0661002bc0] overread 8
[mjpeg @ 0x7f0661002bc0] overread 8
[mjpeg @ 0x7f0661002bc0] overread 8
[mjpeg @ 0x7f0661002bc0] overread 8
[mjpeg @ 0x7f0661002bc0] overread 2
[mjpeg @ 0x7f0661002bc0] overread 8
[mjpeg @ 0x7f0661002bc0] overread 8
[mjpeg @ 0x7f0661002bc0] overread 8
[mjpeg @ 0x7f0661002bc0] overread 8
[mjpeg @ 0x7f0661002bc0] overread 5
[mjpeg @ 0x7f0661002bc0] overread 8
[mjpeg @ 0x7f0661002bc0] overread 8
[mjpeg @ 0x7f0661002bc0] overread 8
[mjpeg @ 0x7f0661002bc0] overread 8
[mjpeg @ 0x7f0661002bc0] overread 8
[mjpeg @ 0x7f0661002bc0] overread 8
[mjpeg @ 0x7f0661002bc0] overread 8
[mjpeg @ 0x7f0661002bc0] overread 8
[mjpeg @ 0x7f0661002bc0] overread 8
[mjpeg @ 0x7f0661002bc0] overread 8
[mjpeg @ 0x7f0661002bc0] overread 8
[mjpeg @ 0x7f0661002bc0] overread 8
[mjpeg @ 0x7f0661002bc0] overread 8
[mjpeg @ 0x7f0661002bc0] overread 8
[00007f06485023f0] gl gl: Initialized libplacebo v2.72.0 (API v72)
libva info: VA-API version 1.12.0
libva info: Trying to open /usr/lib/x86_64-linux-gnu/dri/radeonsi_drv_video.so
libva info: Found init function __vaDriverInit_1_12
libva info: va_openDriver() returns 0
[00007f05ec051d60] gl gl: Initialized libplacebo v2.72.0 (API v72)
[00007f06610158d0] main decoder error: buffer deadlock prevented
[mjpeg @ 0x7f066100f680] overread 8
[mjpeg @ 0x7f066100f680] overread 8
[mjpeg @ 0x7f066100f680] overread 8
[mjpeg @ 0x7f066100f680] overread 8
[mjpeg @ 0x7f066100f680] overread 8
[mjpeg @ 0x7f066100f680] overread 8
[mjpeg @ 0x7f066100f680] overread 8
[mjpeg @ 0x7f066100f680] overread 8
[mjpeg @ 0x7f066100f680] overread 8
[mjpeg @ 0x7f066100f680] overread 8
[mjpeg @ 0x7f066100f680] overread 8
[mjpeg @ 0x7f066100f680] overread 8
[mjpeg @ 0x7f066100f680] overread 5
[mjpeg @ 0x7f066100f680] overread 8
[mjpeg @ 0x7f066100f680] overread 8
[mjpeg @ 0x7f066100f680] overread 8
[mjpeg @ 0x7f066100f680] overread 8
[mjpeg @ 0x7f066100f680] overread 8
[mjpeg @ 0x7f066100f680] overread 8
[mjpeg @ 0x7f066100f680] overread 8
[mjpeg @ 0x7f066100f680] overread 8
[mjpeg @ 0x7f066100f680] overread 8
[mjpeg @ 0x7f066100f680] overread 8
[mjpeg @ 0x7f066100f680] overread 8
[mjpeg @ 0x7f066100f680] overread 8
[mjpeg @ 0x7f066100f680] overread 8
[mjpeg @ 0x7f066100f680] overread 8
[mjpeg @ 0x7f066100f680] overread 8
[mjpeg @ 0x7f066100f680] overread 8
[mjpeg @ 0x7f066100f680] overread 8
[mjpeg @ 0x7f066100f680] overread 8
[mjpeg @ 0x7f066100f680] overread 8
[mjpeg @ 0x7f066100f680] overread 8
[mjpeg @ 0x7f066100f680] overread 8
[mjpeg @ 0x7f066100f680] overread 8
[mjpeg @ 0x7f066100f680] overread 8
[mjpeg @ 0x7f066100f680] overread 8
[mjpeg @ 0x7f066100f680] overread 8
[mjpeg @ 0x7f066100f680] overread 8
[mjpeg @ 0x7f066100f680] overread 8
[mjpeg @ 0x7f066100f680] overread 8
[mjpeg @ 0x7f066100f680] overread 8
[mjpeg @ 0x7f066100f680] overread 8
[mjpeg @ 0x7f066100f680] overread 8
[mjpeg @ 0x7f066100f680] overread 8
[mjpeg @ 0x7f066100f680] overread 8
[mjpeg @ 0x7f066100f680] overread 8
[mjpeg @ 0x7f066100f680] overread 8
[mjpeg @ 0x7f066100f680] overread 8
[mjpeg @ 0x7f066100f680] overread 8
[mjpeg @ 0x7f066100f680] overread 8
[mjpeg @ 0x7f066100f680] overread 8
[mjpeg @ 0x7f066100f680] overread 8
[mjpeg @ 0x7f066100f680] overread 8
[mjpeg @ 0x7f066100f680] overread 8
[mjpeg @ 0x7f066100f680] overread 8
[mjpeg @ 0x7f066100f680] overread 8
[mjpeg @ 0x7f066100f680] overread 8
[mjpeg @ 0x7f066100f680] overread 8
[mjpeg @ 0x7f066100f680] overread 8
[mjpeg @ 0x7f066100f680] overread 5
[mjpeg @ 0x7f066100f680] overread 8
[mjpeg @ 0x7f066100f680] overread 8
[mjpeg @ 0x7f066100f680] overread 8
[mjpeg @ 0x7f066100f680] overread 8
[mjpeg @ 0x7f066100f680] overread 8
[mjpeg @ 0x7f066100f680] overread 8
[mjpeg @ 0x7f066100f680] overread 8
[mjpeg @ 0x7f066100f680] overread 8
[mjpeg @ 0x7f066100f680] overread 8
[mjpeg @ 0x7f066100f680] overread 8
[mjpeg @ 0x7f066100f680] overread 8
[mjpeg @ 0x7f066100f680] overread 8
[mjpeg @ 0x7f066100f680] overread 8
[mjpeg @ 0x7f066100f680] overread 8
[mjpeg @ 0x7f066100f680] overread 8
[mjpeg @ 0x7f066100f680] overread 8
[00007f05ec02f730] gl gl: Initialized libplacebo v2.72.0 (API v72)
libva info: VA-API version 1.12.0
libva info: Trying to open /usr/lib/x86_64-linux-gnu/dri/radeonsi_drv_video.so
libva info: Found init function __vaDriverInit_1_12
libva info: va_openDriver() returns 0
[00007f0600051f60] gl gl: Initialized libplacebo v2.72.0 (API v72)
[00007f06610067b0] main decoder error: buffer deadlock prevented
[mjpeg @ 0x7f0660000900] overread 5
[mjpeg @ 0x7f0660000900] overread 8
[mjpeg @ 0x7f0660000900] overread 8
[mjpeg @ 0x7f0660000900] overread 8
QObject::startTimer: Timers cannot have negative intervals
[mjpeg @ 0x7f0660000900] overread 8
[mjpeg @ 0x7f0660000900] overread 8
[mjpeg @ 0x7f0660000900] overread 8
[mjpeg @ 0x7f0660000900] overread 8
[mjpeg @ 0x7f0660000900] overread 8
[mjpeg @ 0x7f0660000900] overread 8
[mjpeg @ 0x7f0660000900] overread 8
[mjpeg @ 0x7f0660000900] overread 8
[mjpeg @ 0x7f0660000900] overread 8
[mjpeg @ 0x7f0660000900] overread 8
[mjpeg @ 0x7f0660000900] overread 8
[mjpeg @ 0x7f0660000900] overread 8
[mjpeg @ 0x7f0660000900] overread 8
[mjpeg @ 0x7f0660000900] overread 8
[mjpeg @ 0x7f0660000900] overread 8
[mjpeg @ 0x7f0660000900] overread 8
[mjpeg @ 0x7f0660000900] overread 8
[mjpeg @ 0x7f0660000900] overread 8
[mjpeg @ 0x7f0660000900] overread 8
[mjpeg @ 0x7f0660000900] overread 8
[mjpeg @ 0x7f0660000900] overread 8
[mjpeg @ 0x7f0660000900] overread 8
[mjpeg @ 0x7f0660000900] overread 5
[mjpeg @ 0x7f0660000900] overread 8
QObject::~QObject: Timers cannot be stopped from another thread
[0000565076dbf640] main libvlc: Running vlc with the default interface. Use 'cvlc' to use vlc without interface.
[00007f0a80004550] gl gl: Initialized libplacebo v2.72.0 (API v72)
libva info: VA-API version 1.12.0
libva info: Trying to open /usr/lib/x86_64-linux-gnu/dri/radeonsi_drv_video.so
libva info: Found init function __vaDriverInit_1_12
libva info: va_openDriver() returns 0
mesa: for the --simplifycfg-sink-common option: may only occur zero or one times!
mesa: for the --global-isel-abort option: may only occur zero or one times!
mesa: for the --amdgpu-atomic-optimizations option: may only occur zero or one times!
[00007f0a2c05a5e0] gl gl: Initialized libplacebo v2.72.0 (API v72)
[00007f0aa001d820] main decoder error: buffer deadlock prevented
[mjpeg @ 0x7f0aa004bcc0] overread 8
[mjpeg @ 0x7f0aa004bcc0] overread 8
[mjpeg @ 0x7f0aa004bcc0] overread 8
[mjpeg @ 0x7f0aa004bcc0] overread 8
[mjpeg @ 0x7f0aa004bcc0] overread 8
[mjpeg @ 0x7f0aa004bcc0] overread 8
[mjpeg @ 0x7f0aa004bcc0] overread 8
[mjpeg @ 0x7f0aa004bcc0] overread 8
[mjpeg @ 0x7f0aa004bcc0] overread 8
[mjpeg @ 0x7f0aa004bcc0] overread 8
[mjpeg @ 0x7f0aa004bcc0] overread 8
[mjpeg @ 0x7f0aa004bcc0] overread 8
[mjpeg @ 0x7f0aa004bcc0] overread 8
[mjpeg @ 0x7f0aa004bcc0] overread 8
[mjpeg @ 0x7f0aa004bcc0] overread 8
[mjpeg @ 0x7f0aa004bcc0] overread 8
[mjpeg @ 0x7f0aa004bcc0] overread 8
[mjpeg @ 0x7f0aa004bcc0] overread 8
[mjpeg @ 0x7f0aa004bcc0] overread 8
[mjpeg @ 0x7f0aa004bcc0] overread 8
[mjpeg @ 0x7f0aa004bcc0] overread 8
[mjpeg @ 0x7f0aa004bcc0] overread 8
[mjpeg @ 0x7f0aa004bcc0] overread 8
[mjpeg @ 0x7f0aa004bcc0] overread 8
[mjpeg @ 0x7f0aa004bcc0] overread 8
[mjpeg @ 0x7f0aa004bcc0] overread 8
[mjpeg @ 0x7f0aa004bcc0] overread 8
[mjpeg @ 0x7f0aa004bcc0] overread 8
[mjpeg @ 0x7f0aa004bcc0] overread 8
[mjpeg @ 0x7f0aa004bcc0] overread 8
[mjpeg @ 0x7f0aa004bcc0] overread 8
[mjpeg @ 0x7f0aa004bcc0] overread 8
[mjpeg @ 0x7f0aa004bcc0] overread 8
[mjpeg @ 0x7f0aa004bcc0] overread 8
[mjpeg @ 0x7f0aa004bcc0] overread 8
[mjpeg @ 0x7f0aa004bcc0] overread 8
[mjpeg @ 0x7f0aa004bcc0] overread 8
[mjpeg @ 0x7f0aa004bcc0] overread 8
[mjpeg @ 0x7f0aa004bcc0] overread 8
[mjpeg @ 0x7f0aa004bcc0] overread 8
[mjpeg @ 0x7f0aa004bcc0] overread 8
[mjpeg @ 0x7f0aa004bcc0] overread 8
[mjpeg @ 0x7f0aa004bcc0] overread 8
[mjpeg @ 0x7f0aa004bcc0] overread 8
[mjpeg @ 0x7f0aa004bcc0] overread 8
[mjpeg @ 0x7f0aa004bcc0] overread 8
[mjpeg @ 0x7f0aa004bcc0] overread 8
[mjpeg @ 0x7f0aa004bcc0] overread 8
[mjpeg @ 0x7f0aa004bcc0] overread 8
[mjpeg @ 0x7f0aa004bcc0] overread 8
[mjpeg @ 0x7f0aa004bcc0] overread 8
[mjpeg @ 0x7f0aa004bcc0] overread 8
[mjpeg @ 0x7f0aa004bcc0] overread 8
[mjpeg @ 0x7f0aa004bcc0] overread 8
[mjpeg @ 0x7f0aa004bcc0] overread 8
[mjpeg @ 0x7f0aa004bcc0] overread 8
[mjpeg @ 0x7f0aa004bcc0] overread 8
[mjpeg @ 0x7f0aa004bcc0] overread 8
[mjpeg @ 0x7f0aa004bcc0] overread 8
[mjpeg @ 0x7f0aa004bcc0] overread 8
[mjpeg @ 0x7f0aa004bcc0] overread 8
[mjpeg @ 0x7f0aa004bcc0] overread 8
[mjpeg @ 0x7f0aa004bcc0] overread 8
[mjpeg @ 0x7f0aa004bcc0] overread 8
[mjpeg @ 0x7f0aa004bcc0] overread 8
[mjpeg @ 0x7f0aa004bcc0] overread 8
[mjpeg @ 0x7f0aa004bcc0] overread 8
[mjpeg @ 0x7f0aa004bcc0] overread 8
[mjpeg @ 0x7f0aa004bcc0] overread 8
[mjpeg @ 0x7f0aa004bcc0] overread 8
[mjpeg @ 0x7f0aa004bcc0] overread 8
[mjpeg @ 0x7f0aa004bcc0] overread 8
[mjpeg @ 0x7f0aa004bcc0] overread 8
[mjpeg @ 0x7f0aa004bcc0] overread 8
[mjpeg @ 0x7f0aa004bcc0] overread 8
[mjpeg @ 0x7f0aa004bcc0] overread 8
[mjpeg @ 0x7f0aa004bcc0] overread 8
[mjpeg @ 0x7f0aa004bcc0] overread 8
[mjpeg @ 0x7f0aa004bcc0] overread 8
[mjpeg @ 0x7f0aa004bcc0] overread 8
[mjpeg @ 0x7f0aa004bcc0] overread 8
[mjpeg @ 0x7f0aa004bcc0] overread 8
[mjpeg @ 0x7f0aa004bcc0] overread 8
[mjpeg @ 0x7f0aa004bcc0] overread 8
[mjpeg @ 0x7f0aa004bcc0] overread 8
[mjpeg @ 0x7f0aa004bcc0] overread 8
[mjpeg @ 0x7f0aa004bcc0] overread 8
[mjpeg @ 0x7f0aa004bcc0] overread 8
[mjpeg @ 0x7f0aa004bcc0] overread 8
[mjpeg @ 0x7f0aa004bcc0] overread 8
[mjpeg @ 0x7f0aa004bcc0] overread 8
[mjpeg @ 0x7f0aa004bcc0] overread 8
[mjpeg @ 0x7f0aa004bcc0] overread 8
[mjpeg @ 0x7f0aa004bcc0] overread 8
[mjpeg @ 0x7f0aa004bcc0] overread 8
[mjpeg @ 0x7f0aa004bcc0] overread 8
[mjpeg @ 0x7f0aa004bcc0] overread 8
[mjpeg @ 0x7f0aa004bcc0] overread 8
[mjpeg @ 0x7f0aa004bcc0] overread 8
[mjpeg @ 0x7f0aa004bcc0] overread 8
[mjpeg @ 0x7f0aa004bcc0] overread 8
[mjpeg @ 0x7f0aa004bcc0] overread 8
[mjpeg @ 0x7f0aa004bcc0] overread 8
[mjpeg @ 0x7f0aa004bcc0] overread 8
[mjpeg @ 0x7f0aa004bcc0] overread 8
[mjpeg @ 0x7f0aa004bcc0] overread 8
[mjpeg @ 0x7f0aa004bcc0] overread 8
[mjpeg @ 0x7f0aa004bcc0] overread 8
[mjpeg @ 0x7f0aa004bcc0] overread 8
[mjpeg @ 0x7f0aa004bcc0] overread 8
[mjpeg @ 0x7f0aa004bcc0] overread 8
[mjpeg @ 0x7f0aa004bcc0] overread 8
[mjpeg @ 0x7f0aa004bcc0] overread 8
[mjpeg @ 0x7f0aa004bcc0] overread 2
[mjpeg @ 0x7f0aa004bcc0] overread 8
[mjpeg @ 0x7f0aa004bcc0] overread 8
[mjpeg @ 0x7f0aa004bcc0] overread 8
[mjpeg @ 0x7f0aa004bcc0] overread 8
[mjpeg @ 0x7f0aa004bcc0] overread 8
[mjpeg @ 0x7f0aa004bcc0] overread 8
[mjpeg @ 0x7f0aa004bcc0] overread 8
[mjpeg @ 0x7f0aa004bcc0] overread 8
[mjpeg @ 0x7f0aa004bcc0] overread 8
[mjpeg @ 0x7f0aa004bcc0] overread 8
[mjpeg @ 0x7f0aa004bcc0] overread 8
[mjpeg @ 0x7f0aa004bcc0] overread 8
[mjpeg @ 0x7f0aa004bcc0] overread 8
[mjpeg @ 0x7f0aa004bcc0] overread 8
[mjpeg @ 0x7f0aa004bcc0] overread 8
[mjpeg @ 0x7f0aa004bcc0] overread 8
[mjpeg @ 0x7f0aa004bcc0] overread 8
[mjpeg @ 0x7f0aa004bcc0] overread 8
[mjpeg @ 0x7f0aa004bcc0] overread 8
[mjpeg @ 0x7f0aa004bcc0] overread 8
[mjpeg @ 0x7f0aa004bcc0] overread 8
[mjpeg @ 0x7f0aa004bcc0] overread 8
[mjpeg @ 0x7f0aa004bcc0] overread 8
[mjpeg @ 0x7f0aa004bcc0] overread 8
[mjpeg @ 0x7f0aa004bcc0] overread 8
[mjpeg @ 0x7f0aa004bcc0] overread 8
[mjpeg @ 0x7f0aa004bcc0] overread 8
[mjpeg @ 0x7f0aa004bcc0] overread 8
[mjpeg @ 0x7f0aa004bcc0] overread 8
[mjpeg @ 0x7f0aa004bcc0] overread 8
[mjpeg @ 0x7f0aa004bcc0] overread 8
[mjpeg @ 0x7f0aa004bcc0] overread 8
[mjpeg @ 0x7f0aa004bcc0] overread 8
[mjpeg @ 0x7f0aa004bcc0] overread 8
[mjpeg @ 0x7f0aa004bcc0] overread 8
[mjpeg @ 0x7f0aa004bcc0] overread 8
[mjpeg @ 0x7f0aa004bcc0] overread 8
[mjpeg @ 0x7f0aa004bcc0] overread 8
[mjpeg @ 0x7f0aa004bcc0] overread 8
[mjpeg @ 0x7f0aa004bcc0] overread 8
[mjpeg @ 0x7f0aa004bcc0] overread 8
[mjpeg @ 0x7f0aa004bcc0] overread 8
[mjpeg @ 0x7f0aa004bcc0] overread 8
[mjpeg @ 0x7f0aa004bcc0] overread 8
[mjpeg @ 0x7f0aa004bcc0] overread 8
[mjpeg @ 0x7f0aa004bcc0] overread 8
[mjpeg @ 0x7f0aa004bcc0] overread 8
[mjpeg @ 0x7f0aa004bcc0] overread 8
[mjpeg @ 0x7f0aa004bcc0] overread 8
[mjpeg @ 0x7f0aa004bcc0] overread 8
[mjpeg @ 0x7f0aa004bcc0] overread 8
[mjpeg @ 0x7f0aa004bcc0] overread 8
[mjpeg @ 0x7f0aa004bcc0] overread 8
[mjpeg @ 0x7f0aa004bcc0] overread 8
[mjpeg @ 0x7f0aa004bcc0] overread 8
[mjpeg @ 0x7f0aa004bcc0] overread 8
[mjpeg @ 0x7f0aa004bcc0] overread 8
[mjpeg @ 0x7f0aa004bcc0] overread 8
[mjpeg @ 0x7f0aa004bcc0] overread 8
[mjpeg @ 0x7f0aa004bcc0] overread 8
[mjpeg @ 0x7f0aa004bcc0] overread 8
[mjpeg @ 0x7f0aa004bcc0] overread 8
[mjpeg @ 0x7f0aa004bcc0] overread 8
[mjpeg @ 0x7f0aa004bcc0] overread 8
[mjpeg @ 0x7f0aa004bcc0] overread 8
[mjpeg @ 0x7f0aa004bcc0] overread 8
[mjpeg @ 0x7f0aa004bcc0] overread 8
[mjpeg @ 0x7f0aa004bcc0] overread 8
[mjpeg @ 0x7f0aa004bcc0] overread 8
[mjpeg @ 0x7f0aa004bcc0] overread 8
[mjpeg @ 0x7f0aa004bcc0] overread 8
[mjpeg @ 0x7f0aa004bcc0] overread 8
[mjpeg @ 0x7f0aa004bcc0] overread 8
[mjpeg @ 0x7f0aa004bcc0] overread 8
[mjpeg @ 0x7f0aa004bcc0] overread 8
[mjpeg @ 0x7f0aa004bcc0] overread 8
[mjpeg @ 0x7f0aa004bcc0] overread 8
[mjpeg @ 0x7f0aa004bcc0] overread 8
[mjpeg @ 0x7f0aa004bcc0] overread 8
[mjpeg @ 0x7f0aa004bcc0] overread 8
[mjpeg @ 0x7f0aa004bcc0] overread 8
[mjpeg @ 0x7f0aa004bcc0] overread 8
[mjpeg @ 0x7f0aa004bcc0] overread 8
[mjpeg @ 0x7f0aa004bcc0] overread 8
[mjpeg @ 0x7f0aa004bcc0] overread 8
[mjpeg @ 0x7f0aa004bcc0] overread 5
[mjpeg @ 0x7f0aa004bcc0] overread 8
[mjpeg @ 0x7f0aa004bcc0] overread 8
[mjpeg @ 0x7f0aa004bcc0] overread 8
[mjpeg @ 0x7f0aa004bcc0] overread 8
[mjpeg @ 0x7f0aa004bcc0] overread 8
[mjpeg @ 0x7f0aa004bcc0] overread 8
[mjpeg @ 0x7f0aa004bcc0] overread 8
[mjpeg @ 0x7f0aa004bcc0] overread 8
[mjpeg @ 0x7f0aa004bcc0] overread 8
[mjpeg @ 0x7f0aa004bcc0] overread 8
[mjpeg @ 0x7f0aa004bcc0] overread 8
[00007f0a2c032750] gl gl: Initialized libplacebo v2.72.0 (API v72)
libva info: VA-API version 1.12.0
libva info: Trying to open /usr/lib/x86_64-linux-gnu/dri/radeonsi_drv_video.so
libva info: Found init function __vaDriverInit_1_12
libva info: va_openDriver() returns 0
[00007f0a94031f90] gl gl: Initialized libplacebo v2.72.0 (API v72)
[00007f0aa000d010] main decoder error: buffer deadlock prevented
[mjpeg @ 0x7f0aa004c500] overread 8
[mjpeg @ 0x7f0aa004c500] overread 8
[mjpeg @ 0x7f0aa004c500] overread 2
[mjpeg @ 0x7f0aa004c500] overread 8
[mjpeg @ 0x7f0aa004c500] overread 8
[mjpeg @ 0x7f0aa004c500] overread 5
[mjpeg @ 0x7f0aa004c500] overread 8
[mjpeg @ 0x7f0aa004c500] overread 8
[mjpeg @ 0x7f0aa004c500] overread 8
[mjpeg @ 0x7f0aa004c500] overread 8
[mjpeg @ 0x7f0aa004c500] overread 8
[mjpeg @ 0x7f0aa004c500] overread 8
[mjpeg @ 0x7f0aa004c500] overread 8
[mjpeg @ 0x7f0aa004c500] overread 8
[mjpeg @ 0x7f0aa004c500] overread 8
[mjpeg @ 0x7f0aa004c500] overread 8
[mjpeg @ 0x7f0aa004c500] overread 8
[mjpeg @ 0x7f0aa004c500] overread 8
[mjpeg @ 0x7f0aa004c500] overread 8
[mjpeg @ 0x7f0aa004c500] overread 8
[mjpeg @ 0x7f0aa004c500] overread 8
[mjpeg @ 0x7f0aa004c500] overread 8
[mjpeg @ 0x7f0aa004c500] overread 8
[mjpeg @ 0x7f0aa004c500] overread 8
[mjpeg @ 0x7f0aa004c500] overread 8
[mjpeg @ 0x7f0aa004c500] overread 8
[mjpeg @ 0x7f0aa004c500] overread 8
[mjpeg @ 0x7f0aa004c500] overread 8
[mjpeg @ 0x7f0aa004c500] overread 8
[mjpeg @ 0x7f0aa004c500] overread 8
[mjpeg @ 0x7f0aa004c500] overread 8
[mjpeg @ 0x7f0aa004c500] overread 8
[mjpeg @ 0x7f0aa004c500] overread 8
[mjpeg @ 0x7f0aa004c500] overread 8
[mjpeg @ 0x7f0aa004c500] overread 8
[mjpeg @ 0x7f0aa004c500] overread 8
[mjpeg @ 0x7f0aa004c500] overread 8
[mjpeg @ 0x7f0aa004c500] overread 8
[mjpeg @ 0x7f0aa004c500] overread 8
[mjpeg @ 0x7f0aa004c500] overread 8
[mjpeg @ 0x7f0aa004c500] overread 8
[mjpeg @ 0x7f0aa004c500] overread 8
[mjpeg @ 0x7f0aa004c500] overread 8
[mjpeg @ 0x7f0aa004c500] overread 8
[mjpeg @ 0x7f0aa004c500] overread 8
[mjpeg @ 0x7f0aa004c500] overread 8
[mjpeg @ 0x7f0aa004c500] overread 8
[mjpeg @ 0x7f0aa004c500] overread 8
[mjpeg @ 0x7f0aa004c500] overread 8
[mjpeg @ 0x7f0aa004c500] overread 8
[mjpeg @ 0x7f0aa004c500] overread 8
[mjpeg @ 0x7f0aa004c500] overread 8
[mjpeg @ 0x7f0aa004c500] overread 8
[mjpeg @ 0x7f0aa004c500] overread 8
[mjpeg @ 0x7f0aa004c500] overread 8
[mjpeg @ 0x7f0aa004c500] overread 8
[mjpeg @ 0x7f0aa004c500] overread 8
[mjpeg @ 0x7f0aa004c500] overread 8
[mjpeg @ 0x7f0aa004c500] overread 8
[mjpeg @ 0x7f0aa004c500] overread 8
[mjpeg @ 0x7f0aa004c500] overread 8
[mjpeg @ 0x7f0aa004c500] overread 8
[mjpeg @ 0x7f0aa004c500] overread 8
[mjpeg @ 0x7f0aa004c500] overread 8
[mjpeg @ 0x7f0aa004c500] overread 8
[mjpeg @ 0x7f0aa004c500] overread 8
[mjpeg @ 0x7f0aa004c500] overread 8
[mjpeg @ 0x7f0aa004c500] overread 8
[mjpeg @ 0x7f0aa004c500] overread 8
[mjpeg @ 0x7f0aa004c500] overread 8
[mjpeg @ 0x7f0aa004c500] overread 8
[mjpeg @ 0x7f0aa004c500] overread 8
[mjpeg @ 0x7f0aa004c500] overread 8
[mjpeg @ 0x7f0aa004c500] overread 8
[mjpeg @ 0x7f0aa004c500] overread 8
[mjpeg @ 0x7f0aa004c500] overread 8
[mjpeg @ 0x7f0aa004c500] overread 8
[mjpeg @ 0x7f0aa004c500] overread 8
[mjpeg @ 0x7f0aa004c500] overread 8
[mjpeg @ 0x7f0aa004c500] overread 8
[mjpeg @ 0x7f0aa004c500] overread 8
[mjpeg @ 0x7f0aa004c500] overread 8
[mjpeg @ 0x7f0aa004c500] overread 8
[mjpeg @ 0x7f0aa004c500] overread 8
[mjpeg @ 0x7f0aa004c500] overread 8
[mjpeg @ 0x7f0aa004c500] overread 8
[mjpeg @ 0x7f0aa004c500] overread 8
[mjpeg @ 0x7f0aa004c500] overread 8
[mjpeg @ 0x7f0aa004c500] overread 8
[mjpeg @ 0x7f0aa004c500] overread 8
[mjpeg @ 0x7f0aa004c500] overread 8
[mjpeg @ 0x7f0aa004c500] overread 8
[mjpeg @ 0x7f0aa004c500] overread 8
[mjpeg @ 0x7f0aa004c500] overread 8
[mjpeg @ 0x7f0aa004c500] overread 8
[mjpeg @ 0x7f0aa004c500] overread 8
[mjpeg @ 0x7f0aa004c500] overread 8
[mjpeg @ 0x7f0aa004c500] overread 8
[mjpeg @ 0x7f0aa004c500] overread 8
[mjpeg @ 0x7f0aa004c500] overread 8
[mjpeg @ 0x7f0aa004c500] overread 8
[mjpeg @ 0x7f0aa004c500] overread 8
[mjpeg @ 0x7f0aa004c500] overread 8
[mjpeg @ 0x7f0aa004c500] overread 8
[mjpeg @ 0x7f0aa004c500] overread 8
[mjpeg @ 0x7f0aa004c500] overread 8
[mjpeg @ 0x7f0aa004c500] overread 8
[mjpeg @ 0x7f0aa004c500] overread 8
[mjpeg @ 0x7f0aa004c500] overread 8
[mjpeg @ 0x7f0aa004c500] overread 8
[mjpeg @ 0x7f0aa004c500] overread 8
[mjpeg @ 0x7f0aa004c500] overread 8
[mjpeg @ 0x7f0aa004c500] overread 8
[mjpeg @ 0x7f0aa004c500] overread 8
[mjpeg @ 0x7f0aa004c500] overread 8
[mjpeg @ 0x7f0aa004c500] overread 8
[mjpeg @ 0x7f0aa004c500] overread 8
[mjpeg @ 0x7f0aa004c500] overread 8
[mjpeg @ 0x7f0aa004c500] overread 8
[mjpeg @ 0x7f0aa004c500] overread 8
[mjpeg @ 0x7f0aa004c500] overread 8
[mjpeg @ 0x7f0aa004c500] overread 8
[mjpeg @ 0x7f0aa004c500] overread 8
[mjpeg @ 0x7f0aa004c500] overread 8
[mjpeg @ 0x7f0aa004c500] overread 8
[mjpeg @ 0x7f0aa004c500] overread 8
[mjpeg @ 0x7f0aa004c500] overread 8
[mjpeg @ 0x7f0aa004c500] overread 8
[mjpeg @ 0x7f0aa004c500] overread 8
[mjpeg @ 0x7f0aa004c500] overread 8
[mjpeg @ 0x7f0aa004c500] overread 8
[mjpeg @ 0x7f0aa004c500] overread 8
[mjpeg @ 0x7f0aa004c500] overread 2
[mjpeg @ 0x7f0aa004c500] overread 8
[mjpeg @ 0x7f0aa004c500] overread 8
[mjpeg @ 0x7f0aa004c500] overread 8
[mjpeg @ 0x7f0aa004c500] overread 8
[mjpeg @ 0x7f0aa004c500] overread 8
[mjpeg @ 0x7f0aa004c500] overread 8
[mjpeg @ 0x7f0aa004c500] overread 8
[mjpeg @ 0x7f0aa004c500] overread 8
[mjpeg @ 0x7f0aa004c500] overread 8
[mjpeg @ 0x7f0aa004c500] overread 8
[mjpeg @ 0x7f0aa004c500] overread 8
[mjpeg @ 0x7f0aa004c500] overread 8
[mjpeg @ 0x7f0aa004c500] overread 8
[mjpeg @ 0x7f0aa004c500] overread 8
[mjpeg @ 0x7f0aa004c500] overread 8
QObject::startTimer: Timers cannot have negative intervals
[mjpeg @ 0x7f0aa004c500] overread 8
[mjpeg @ 0x7f0aa004c500] overread 8
[mjpeg @ 0x7f0aa004c500] overread 8
[mjpeg @ 0x7f0aa004c500] overread 8
[mjpeg @ 0x7f0aa004c500] overread 8
[mjpeg @ 0x7f0aa004c500] overread 8
[mjpeg @ 0x7f0aa004c500] overread 8
[mjpeg @ 0x7f0aa004c500] overread 8
[mjpeg @ 0x7f0aa004c500] overread 8
[mjpeg @ 0x7f0aa004c500] overread 8
[mjpeg @ 0x7f0aa004c500] overread 8
[mjpeg @ 0x7f0aa004c500] overread 8
[mjpeg @ 0x7f0aa004c500] overread 8
[mjpeg @ 0x7f0aa004c500] overread 8
[mjpeg @ 0x7f0aa004c500] overread 8
[mjpeg @ 0x7f0aa004c500] overread 8
[mjpeg @ 0x7f0aa004c500] overread 8
[mjpeg @ 0x7f0aa004c500] overread 8
[mjpeg @ 0x7f0aa004c500] overread 8
[mjpeg @ 0x7f0aa004c500] overread 8
[mjpeg @ 0x7f0aa004c500] overread 8
[mjpeg @ 0x7f0aa004c500] overread 8
[mjpeg @ 0x7f0aa004c500] overread 8
[mjpeg @ 0x7f0aa004c500] overread 8
[mjpeg @ 0x7f0aa004c500] overread 8
[mjpeg @ 0x7f0aa004c500] overread 8
[mjpeg @ 0x7f0aa004c500] overread 8
[mjpeg @ 0x7f0aa004c500] overread 8
[mjpeg @ 0x7f0aa004c500] overread 8
[mjpeg @ 0x7f0aa004c500] overread 8
[mjpeg @ 0x7f0aa004c500] overread 8
[mjpeg @ 0x7f0aa004c500] overread 8
[mjpeg @ 0x7f0aa004c500] overread 8
[mjpeg @ 0x7f0aa004c500] overread 8
[mjpeg @ 0x7f0aa004c500] overread 8
[mjpeg @ 0x7f0aa004c500] overread 8
[mjpeg @ 0x7f0aa004c500] overread 2
[mjpeg @ 0x7f0aa004c500] overread 8
[mjpeg @ 0x7f0aa004c500] overread 8
[mjpeg @ 0x7f0aa004c500] overread 8
[mjpeg @ 0x7f0aa004c500] overread 8
[mjpeg @ 0x7f0aa004c500] overread 8
[mjpeg @ 0x7f0aa004c500] overread 8
[mjpeg @ 0x7f0aa004c500] overread 8
[mjpeg @ 0x7f0aa004c500] overread 8
[mjpeg @ 0x7f0aa004c500] overread 8
[mjpeg @ 0x7f0aa004c500] overread 8
[mjpeg @ 0x7f0aa004c500] overread 8
[mjpeg @ 0x7f0aa004c500] overread 8
[mjpeg @ 0x7f0aa004c500] overread 8
[mjpeg @ 0x7f0aa004c500] overread 8
[mjpeg @ 0x7f0aa004c500] overread 8
[mjpeg @ 0x7f0aa004c500] overread 5
[mjpeg @ 0x7f0aa004c500] overread 8
[mjpeg @ 0x7f0aa004c500] overread 8
[mjpeg @ 0x7f0aa004c500] overread 8
[mjpeg @ 0x7f0aa004c500] overread 8
[mjpeg @ 0x7f0aa004c500] overread 8
[mjpeg @ 0x7f0aa004c500] overread 8
[mjpeg @ 0x7f0aa004c500] overread 8
[mjpeg @ 0x7f0aa004c500] overread 8
[mjpeg @ 0x7f0aa004c500] overread 8
[mjpeg @ 0x7f0aa004c500] overread 8
[mjpeg @ 0x7f0aa004c500] overread 8
[mjpeg @ 0x7f0aa004c500] overread 8
[mjpeg @ 0x7f0aa004c500] overread 8
[mjpeg @ 0x7f0aa004c500] overread 8
[mjpeg @ 0x7f0aa004c500] overread 5
[mjpeg @ 0x7f0aa004c500] overread 8
[mjpeg @ 0x7f0aa004c500] overread 8
[mjpeg @ 0x7f0aa004c500] overread 8
[mjpeg @ 0x7f0aa004c500] overread 8
[mjpeg @ 0x7f0aa004c500] overread 8
[mjpeg @ 0x7f0aa004c500] overread 8
[mjpeg @ 0x7f0aa004c500] overread 8
[mjpeg @ 0x7f0aa004c500] overread 8
[mjpeg @ 0x7f0aa004c500] overread 8
[mjpeg @ 0x7f0aa004c500] overread 8
[mjpeg @ 0x7f0aa004c500] overread 8
[mjpeg @ 0x7f0aa004c500] overread 8
[mjpeg @ 0x7f0aa004c500] overread 8
[mjpeg @ 0x7f0aa004c500] overread 8
[mjpeg @ 0x7f0aa004c500] overread 8
[mjpeg @ 0x7f0aa004c500] overread 8
[mjpeg @ 0x7f0aa004c500] overread 8
[mjpeg @ 0x7f0aa004c500] overread 8
[mjpeg @ 0x7f0aa004c500] overread 8
[mjpeg @ 0x7f0aa004c500] overread 8
[mjpeg @ 0x7f0aa004c500] overread 8
[mjpeg @ 0x7f0aa004c500] overread 8
[mjpeg @ 0x7f0aa004c500] overread 8
[mjpeg @ 0x7f0aa004c500] overread 8
[mjpeg @ 0x7f0aa004c500] overread 8
[mjpeg @ 0x7f0aa004c500] overread 8
[mjpeg @ 0x7f0aa004c500] overread 8
[mjpeg @ 0x7f0aa004c500] overread 8
[mjpeg @ 0x7f0aa004c500] overread 8
[mjpeg @ 0x7f0aa004c500] overread 8
[mjpeg @ 0x7f0aa004c500] overread 8
[mjpeg @ 0x7f0aa004c500] overread 8
[mjpeg @ 0x7f0aa004c500] overread 5
[mjpeg @ 0x7f0aa004c500] overread 8
[mjpeg @ 0x7f0aa004c500] overread 8
[mjpeg @ 0x7f0aa004c500] overread 8
[mjpeg @ 0x7f0aa004c500] overread 8
[mjpeg @ 0x7f0aa004c500] overread 8
[mjpeg @ 0x7f0aa004c500] overread 8
[mjpeg @ 0x7f0aa004c500] overread 8
[mjpeg @ 0x7f0aa004c500] overread 8
[mjpeg @ 0x7f0aa004c500] overread 8
[mjpeg @ 0x7f0aa004c500] overread 8
[mjpeg @ 0x7f0aa004c500] overread 8
[mjpeg @ 0x7f0aa004c500] overread 8
[mjpeg @ 0x7f0aa004c500] overread 8
[mjpeg @ 0x7f0aa004c500] overread 8
[mjpeg @ 0x7f0aa004c500] overread 8
[mjpeg @ 0x7f0aa004c500] overread 8
[mjpeg @ 0x7f0aa004c500] overread 8
[mjpeg @ 0x7f0aa004c500] overread 8
[mjpeg @ 0x7f0aa004c500] overread 8
[mjpeg @ 0x7f0aa004c500] overread 8
[mjpeg @ 0x7f0aa004c500] overread 8
[mjpeg @ 0x7f0aa004c500] overread 8
[mjpeg @ 0x7f0aa004c500] overread 8
[mjpeg @ 0x7f0aa004c500] overread 8
[mjpeg @ 0x7f0aa004c500] overread 8
[mjpeg @ 0x7f0aa004c500] overread 8
[mjpeg @ 0x7f0aa004c500] overread 8
[mjpeg @ 0x7f0aa004c500] overread 8
[mjpeg @ 0x7f0aa004c500] overread 8
[mjpeg @ 0x7f0aa004c500] overread 8
[mjpeg @ 0x7f0aa004c500] overread 8
[mjpeg @ 0x7f0aa004c500] overread 8
[mjpeg @ 0x7f0aa004c500] overread 8
[mjpeg @ 0x7f0aa004c500] overread 8
[mjpeg @ 0x7f0aa004c500] overread 8
[mjpeg @ 0x7f0aa004c500] overread 8
[mjpeg @ 0x7f0aa004c500] overread 5
[mjpeg @ 0x7f0aa004c500] overread 8
[mjpeg @ 0x7f0aa004c500] overread 8
[mjpeg @ 0x7f0aa004c500] overread 8
[mjpeg @ 0x7f0aa004c500] overread 8
[mjpeg @ 0x7f0aa004c500] overread 8
[mjpeg @ 0x7f0aa004c500] overread 8
[mjpeg @ 0x7f0aa004c500] overread 8
[mjpeg @ 0x7f0aa004c500] overread 8
[mjpeg @ 0x7f0aa004c500] overread 8
[mjpeg @ 0x7f0aa004c500] overread 8
[mjpeg @ 0x7f0aa004c500] overread 8
[mjpeg @ 0x7f0aa004c500] overread 8
[mjpeg @ 0x7f0aa004c500] overread 8
[mjpeg @ 0x7f0aa004c500] overread 8
[mjpeg @ 0x7f0aa004c500] overread 5
[mjpeg @ 0x7f0aa004c500] overread 8
[mjpeg @ 0x7f0aa004c500] overread 8
[mjpeg @ 0x7f0aa004c500] overread 8
[mjpeg @ 0x7f0aa004c500] overread 8
[mjpeg @ 0x7f0aa004c500] overread 8
[mjpeg @ 0x7f0aa004c500] overread 8
[mjpeg @ 0x7f0aa004c500] overread 8
[mjpeg @ 0x7f0aa004c500] overread 8
[mjpeg @ 0x7f0aa004c500] overread 8
[mjpeg @ 0x7f0aa004c500] overread 8
[mjpeg @ 0x7f0aa004c500] overread 8
[mjpeg @ 0x7f0aa004c500] overread 8
[mjpeg @ 0x7f0aa004c500] overread 8
[mjpeg @ 0x7f0aa004c500] overread 8
[mjpeg @ 0x7f0aa004c500] overread 8
[mjpeg @ 0x7f0aa004c500] overread 8
[mjpeg @ 0x7f0aa004c500] overread 8
[mjpeg @ 0x7f0aa004c500] overread 8
[mjpeg @ 0x7f0aa004c500] overread 2
[mjpeg @ 0x7f0aa004c500] overread 8
[mjpeg @ 0x7f0aa004c500] overread 8
[mjpeg @ 0x7f0aa004c500] overread 8
[mjpeg @ 0x7f0aa004c500] overread 5
[mjpeg @ 0x7f0aa004c500] overread 8
[mjpeg @ 0x7f0aa004c500] overread 8
[mjpeg @ 0x7f0aa004c500] overread 8
[mjpeg @ 0x7f0aa004c500] overread 8
[mjpeg @ 0x7f0aa004c500] overread 8
[mjpeg @ 0x7f0aa004c500] overread 2
[mjpeg @ 0x7f0aa004c500] overread 8
[mjpeg @ 0x7f0aa004c500] overread 8
[mjpeg @ 0x7f0aa004c500] overread 8
[mjpeg @ 0x7f0aa004c500] overread 8
[mjpeg @ 0x7f0aa004c500] overread 8
[mjpeg @ 0x7f0aa004c500] overread 8
[mjpeg @ 0x7f0aa004c500] overread 8
[mjpeg @ 0x7f0aa004c500] overread 8
[mjpeg @ 0x7f0aa004c500] overread 2
[mjpeg @ 0x7f0aa004c500] overread 8
[mjpeg @ 0x7f0aa004c500] overread 8
[mjpeg @ 0x7f0aa004c500] overread 8
[mjpeg @ 0x7f0aa004c500] overread 8
[mjpeg @ 0x7f0aa004c500] overread 8
[mjpeg @ 0x7f0aa004c500] overread 8
[mjpeg @ 0x7f0aa004c500] overread 8
[mjpeg @ 0x7f0aa004c500] overread 8
[mjpeg @ 0x7f0aa004c500] overread 8
[mjpeg @ 0x7f0aa004c500] overread 5
[mjpeg @ 0x7f0aa004c500] overread 8
[mjpeg @ 0x7f0aa004c500] overread 8
[mjpeg @ 0x7f0aa004c500] overread 8
[mjpeg @ 0x7f0aa004c500] overread 8
[mjpeg @ 0x7f0aa004c500] overread 2
[mjpeg @ 0x7f0aa004c500] overread 8
[mjpeg @ 0x7f0aa004c500] overread 8
[mjpeg @ 0x7f0aa004c500] overread 5
[mjpeg @ 0x7f0aa004c500] overread 8
[mjpeg @ 0x7f0aa004c500] overread 8
[mjpeg @ 0x7f0aa004c500] overread 8
[mjpeg @ 0x7f0aa004c500] overread 8
[mjpeg @ 0x7f0aa004c500] overread 8
[mjpeg @ 0x7f0aa004c500] overread 8
[mjpeg @ 0x7f0aa004c500] overread 8
[mjpeg @ 0x7f0aa004c500] overread 8
[mjpeg @ 0x7f0aa004c500] overread 8
[mjpeg @ 0x7f0aa004c500] overread 8
[mjpeg @ 0x7f0aa004c500] overread 8
[mjpeg @ 0x7f0aa004c500] overread 8
[mjpeg @ 0x7f0aa004c500] overread 8
[mjpeg @ 0x7f0aa004c500] overread 8
[mjpeg @ 0x7f0aa004c500] overread 8
[mjpeg @ 0x7f0aa004c500] overread 8
[mjpeg @ 0x7f0aa004c500] overread 8
[mjpeg @ 0x7f0aa004c500] overread 8
[mjpeg @ 0x7f0aa004c500] overread 8
[mjpeg @ 0x7f0aa004c500] overread 8
[mjpeg @ 0x7f0aa004c500] overread 8
[mjpeg @ 0x7f0aa004c500] overread 8
[mjpeg @ 0x7f0aa004c500] overread 8
[mjpeg @ 0x7f0aa004c500] overread 8
[mjpeg @ 0x7f0aa004c500] overread 8
[mjpeg @ 0x7f0aa004c500] overread 8
[mjpeg @ 0x7f0aa004c500] overread 8
[mjpeg @ 0x7f0aa004c500] overread 8
[mjpeg @ 0x7f0aa004c500] overread 8
[mjpeg @ 0x7f0aa004c500] overread 8
[mjpeg @ 0x7f0aa004c500] overread 8
[mjpeg @ 0x7f0aa004c500] overread 8
[mjpeg @ 0x7f0aa004c500] overread 8
[mjpeg @ 0x7f0aa004c500] overread 8
[mjpeg @ 0x7f0aa004c500] overread 5
[mjpeg @ 0x7f0aa004c500] overread 8
[mjpeg @ 0x7f0aa004c500] overread 8
[mjpeg @ 0x7f0aa004c500] overread 8
[mjpeg @ 0x7f0aa004c500] overread 8
[mjpeg @ 0x7f0aa004c500] overread 8
[mjpeg @ 0x7f0aa004c500] overread 8
[mjpeg @ 0x7f0aa004c500] overread 8
[mjpeg @ 0x7f0aa004c500] overread 8
[mjpeg @ 0x7f0aa004c500] overread 8
[mjpeg @ 0x7f0aa004c500] overread 8
[mjpeg @ 0x7f0aa004c500] overread 8
[mjpeg @ 0x7f0aa004c500] overread 8
[mjpeg @ 0x7f0aa004c500] overread 8
[mjpeg @ 0x7f0aa004c500] overread 8
[mjpeg @ 0x7f0aa004c500] overread 8
[mjpeg @ 0x7f0aa004c500] overread 8
[mjpeg @ 0x7f0aa004c500] overread 8
[mjpeg @ 0x7f0aa004c500] overread 8
[mjpeg @ 0x7f0aa004c500] overread 8
[mjpeg @ 0x7f0aa004c500] overread 8
[mjpeg @ 0x7f0aa004c500] overread 8
[mjpeg @ 0x7f0aa004c500] overread 8
[mjpeg @ 0x7f0aa004c500] overread 8
[mjpeg @ 0x7f0aa004c500] overread 8
[mjpeg @ 0x7f0aa004c500] overread 8
[mjpeg @ 0x7f0aa004c500] overread 8
[mjpeg @ 0x7f0aa004c500] overread 8
[mjpeg @ 0x7f0aa004c500] overread 8
[mjpeg @ 0x7f0aa004c500] overread 8
[mjpeg @ 0x7f0aa004c500] overread 8
[mjpeg @ 0x7f0aa004c500] overread 8
[mjpeg @ 0x7f0aa004c500] overread 8
[mjpeg @ 0x7f0aa004c500] overread 8
[mjpeg @ 0x7f0aa004c500] overread 8
[mjpeg @ 0x7f0aa004c500] overread 8
[mjpeg @ 0x7f0aa004c500] overread 8
[mjpeg @ 0x7f0aa004c500] overread 8
[mjpeg @ 0x7f0aa004c500] overread 8
[mjpeg @ 0x7f0aa004c500] overread 8
[mjpeg @ 0x7f0aa004c500] overread 8
[mjpeg @ 0x7f0aa004c500] overread 8
[mjpeg @ 0x7f0aa004c500] overread 8
[mjpeg @ 0x7f0aa004c500] overread 8
[mjpeg @ 0x7f0aa004c500] overread 8
[mjpeg @ 0x7f0aa004c500] overread 8
[mjpeg @ 0x7f0aa004c500] overread 8
[mjpeg @ 0x7f0aa004c500] overread 8
[mjpeg @ 0x7f0aa004c500] overread 8
[mjpeg @ 0x7f0aa004c500] overread 8
[mjpeg @ 0x7f0aa004c500] overread 8
[mjpeg @ 0x7f0aa004c500] overread 8
[mjpeg @ 0x7f0aa004c500] overread 8
[mjpeg @ 0x7f0aa004c500] overread 8
[mjpeg @ 0x7f0aa004c500] overread 8
[mjpeg @ 0x7f0aa004c500] overread 8
[mjpeg @ 0x7f0aa004c500] overread 8
[mjpeg @ 0x7f0aa004c500] overread 8
[mjpeg @ 0x7f0aa004c500] overread 8
[mjpeg @ 0x7f0aa004c500] overread 8
[mjpeg @ 0x7f0aa004c500] overread 8
[mjpeg @ 0x7f0aa004c500] overread 8
[mjpeg @ 0x7f0aa004c500] overread 8
[mjpeg @ 0x7f0aa004c500] overread 8
[mjpeg @ 0x7f0aa004c500] overread 8
[mjpeg @ 0x7f0aa004c500] overread 8
[mjpeg @ 0x7f0aa004c500] overread 8
[mjpeg @ 0x7f0aa004c500] overread 8
[mjpeg @ 0x7f0aa004c500] overread 8
[mjpeg @ 0x7f0aa004c500] overread 8
[mjpeg @ 0x7f0aa004c500] overread 8
[mjpeg @ 0x7f0aa004c500] overread 8
[mjpeg @ 0x7f0aa004c500] overread 8
[mjpeg @ 0x7f0aa004c500] overread 8
[mjpeg @ 0x7f0aa004c500] overread 8
[mjpeg @ 0x7f0aa004c500] overread 8
[mjpeg @ 0x7f0aa004c500] overread 8
[mjpeg @ 0x7f0aa004c500] overread 8
[mjpeg @ 0x7f0aa004c500] overread 8
[mjpeg @ 0x7f0aa004c500] overread 8
[mjpeg @ 0x7f0aa004c500] overread 8
[mjpeg @ 0x7f0aa004c500] overread 8
[mjpeg @ 0x7f0aa004c500] overread 8
[mjpeg @ 0x7f0aa004c500] overread 8
[mjpeg @ 0x7f0aa004c500] overread 8
[mjpeg @ 0x7f0aa004c500] overread 8
[mjpeg @ 0x7f0aa004c500] overread 8
[mjpeg @ 0x7f0aa004c500] overread 8
[mjpeg @ 0x7f0aa004c500] overread 8
[mjpeg @ 0x7f0aa004c500] overread 8
[mjpeg @ 0x7f0aa004c500] overread 8
[mjpeg @ 0x7f0aa004c500] overread 8
[mjpeg @ 0x7f0aa004c500] overread 8
[mjpeg @ 0x7f0aa004c500] overread 8
[mjpeg @ 0x7f0aa004c500] overread 8
[mjpeg @ 0x7f0aa004c500] overread 8
[mjpeg @ 0x7f0aa004c500] overread 8
[mjpeg @ 0x7f0aa004c500] overread 8
[mjpeg @ 0x7f0aa004c500] overread 8
[mjpeg @ 0x7f0aa004c500] overread 8
[mjpeg @ 0x7f0aa004c500] overread 8
[mjpeg @ 0x7f0aa004c500] overread 8
[mjpeg @ 0x7f0aa004c500] overread 8
[mjpeg @ 0x7f0aa004c500] overread 8
[mjpeg @ 0x7f0aa004c500] overread 8
[mjpeg @ 0x7f0aa004c500] overread 8
[mjpeg @ 0x7f0aa004c500] overread 8
[mjpeg @ 0x7f0aa004c500] overread 8
[mjpeg @ 0x7f0aa004c500] overread 8
[mjpeg @ 0x7f0aa004c500] overread 8
[mjpeg @ 0x7f0aa004c500] overread 8
[mjpeg @ 0x7f0aa004c500] overread 8
[mjpeg @ 0x7f0aa004c500] overread 8
[mjpeg @ 0x7f0aa004c500] overread 8
[mjpeg @ 0x7f0aa004c500] overread 8
[mjpeg @ 0x7f0aa004c500] overread 8
[mjpeg @ 0x7f0aa004c500] overread 8
[mjpeg @ 0x7f0aa004c500] overread 8
[mjpeg @ 0x7f0aa004c500] overread 8
[mjpeg @ 0x7f0aa004c500] overread 8
[mjpeg @ 0x7f0aa004c500] overread 8
[mjpeg @ 0x7f0aa004c500] overread 8
[mjpeg @ 0x7f0aa004c500] overread 8
[mjpeg @ 0x7f0aa004c500] overread 8
[mjpeg @ 0x7f0aa004c500] overread 8
[mjpeg @ 0x7f0aa004c500] overread 8
[mjpeg @ 0x7f0aa004c500] overread 5
[mjpeg @ 0x7f0aa004c500] overread 8
[mjpeg @ 0x7f0aa004c500] overread 8
[mjpeg @ 0x7f0aa004c500] overread 8
[mjpeg @ 0x7f0aa004c500] overread 8
[mjpeg @ 0x7f0aa004c500] overread 8
[mjpeg @ 0x7f0aa004c500] overread 8
[mjpeg @ 0x7f0aa004c500] overread 8
[mjpeg @ 0x7f0aa004c500] overread 8
[mjpeg @ 0x7f0aa004c500] overread 8
[mjpeg @ 0x7f0aa004c500] overread 8
[mjpeg @ 0x7f0aa004c500] overread 8
[mjpeg @ 0x7f0aa004c500] overread 8
[mjpeg @ 0x7f0aa004c500] overread 8
[mjpeg @ 0x7f0aa004c500] overread 8
[mjpeg @ 0x7f0aa004c500] overread 8
[mjpeg @ 0x7f0aa004c500] overread 8
[mjpeg @ 0x7f0aa004c500] overread 8
[mjpeg @ 0x7f0aa004c500] overread 8
[mjpeg @ 0x7f0aa004c500] overread 8
[mjpeg @ 0x7f0aa004c500] overread 8
[mjpeg @ 0x7f0aa004c500] overread 8
[mjpeg @ 0x7f0aa004c500] overread 8
[mjpeg @ 0x7f0aa004c500] overread 8
[mjpeg @ 0x7f0aa004c500] overread 8
[mjpeg @ 0x7f0aa004c500] overread 8
[mjpeg @ 0x7f0aa004c500] overread 8
[mjpeg @ 0x7f0aa004c500] overread 8
[mjpeg @ 0x7f0aa004c500] overread 8
[mjpeg @ 0x7f0aa004c500] overread 8
[mjpeg @ 0x7f0aa004c500] overread 8
[mjpeg @ 0x7f0aa004c500] overread 8
[mjpeg @ 0x7f0aa004c500] overread 8
[mjpeg @ 0x7f0aa004c500] overread 8
[mjpeg @ 0x7f0aa004c500] overread 8
[mjpeg @ 0x7f0aa004c500] overread 8
[mjpeg @ 0x7f0aa004c500] overread 8
[mjpeg @ 0x7f0aa004c500] overread 8
[mjpeg @ 0x7f0aa004c500] overread 8
[mjpeg @ 0x7f0aa004c500] overread 8
[mjpeg @ 0x7f0aa004c500] overread 8
[mjpeg @ 0x7f0aa004c500] overread 8
[mjpeg @ 0x7f0aa004c500] overread 8
[mjpeg @ 0x7f0aa004c500] overread 8
[mjpeg @ 0x7f0aa004c500] overread 8
[mjpeg @ 0x7f0aa004c500] overread 8
[mjpeg @ 0x7f0aa004c500] overread 8
[mjpeg @ 0x7f0aa004c500] overread 8
[mjpeg @ 0x7f0aa004c500] overread 8
[mjpeg @ 0x7f0aa004c500] overread 8
[mjpeg @ 0x7f0aa004c500] overread 8
[mjpeg @ 0x7f0aa004c500] overread 8
[mjpeg @ 0x7f0aa004c500] overread 8
[mjpeg @ 0x7f0aa004c500] overread 8
[mjpeg @ 0x7f0aa004c500] overread 8
[mjpeg @ 0x7f0aa004c500] overread 8
[mjpeg @ 0x7f0aa004c500] overread 8
[mjpeg @ 0x7f0aa004c500] overread 8
[mjpeg @ 0x7f0aa004c500] overread 8
[mjpeg @ 0x7f0aa004c500] overread 8
[mjpeg @ 0x7f0aa004c500] overread 8
[mjpeg @ 0x7f0aa004c500] overread 8
[mjpeg @ 0x7f0aa004c500] overread 8
[mjpeg @ 0x7f0aa004c500] overread 8
[mjpeg @ 0x7f0aa004c500] overread 8
[mjpeg @ 0x7f0aa004c500] overread 8
[mjpeg @ 0x7f0aa004c500] overread 8
[mjpeg @ 0x7f0aa004c500] overread 8
[mjpeg @ 0x7f0aa004c500] overread 8
[mjpeg @ 0x7f0aa004c500] overread 8
[mjpeg @ 0x7f0aa004c500] overread 8
[mjpeg @ 0x7f0aa004c500] overread 8
[mjpeg @ 0x7f0aa004c500] overread 8
[mjpeg @ 0x7f0aa004c500] overread 8
[mjpeg @ 0x7f0aa004c500] overread 8
[mjpeg @ 0x7f0aa004c500] overread 8
[mjpeg @ 0x7f0aa004c500] overread 8
[mjpeg @ 0x7f0aa004c500] overread 8
[mjpeg @ 0x7f0aa004c500] overread 8
[mjpeg @ 0x7f0aa004c500] overread 8
[mjpeg @ 0x7f0aa004c500] overread 8
[mjpeg @ 0x7f0aa004c500] overread 8
[mjpeg @ 0x7f0aa004c500] overread 8
[mjpeg @ 0x7f0aa004c500] overread 8
[mjpeg @ 0x7f0aa004c500] overread 8
[mjpeg @ 0x7f0aa004c500] overread 8
[mjpeg @ 0x7f0aa004c500] overread 8
[mjpeg @ 0x7f0aa004c500] overread 8
[mjpeg @ 0x7f0aa004c500] overread 8
[mjpeg @ 0x7f0aa004c500] overread 8
[mjpeg @ 0x7f0aa004c500] overread 8
[mjpeg @ 0x7f0aa004c500] overread 8
[mjpeg @ 0x7f0aa004c500] overread 8
[mjpeg @ 0x7f0aa004c500] overread 8
[mjpeg @ 0x7f0aa004c500] overread 8
[mjpeg @ 0x7f0aa004c500] overread 8
[mjpeg @ 0x7f0aa004c500] overread 8
[mjpeg @ 0x7f0aa004c500] overread 8
[mjpeg @ 0x7f0aa004c500] overread 8
[00007f0aa001d4c0] mjpeg demux error: no EOL
QObject::~QObject: Timers cannot be stopped from another thread
[000055d865f23640] main libvlc: Running vlc with the default interface. Use 'cvlc' to use vlc without interface.
[00007fec2c004130] gl gl: Initialized libplacebo v2.72.0 (API v72)
libva info: VA-API version 1.12.0
libva info: Trying to open /usr/lib/x86_64-linux-gnu/dri/radeonsi_drv_video.so
libva info: Found init function __vaDriverInit_1_12
libva info: va_openDriver() returns 0
mesa: for the --simplifycfg-sink-common option: may only occur zero or one times!
mesa: for the --global-isel-abort option: may only occur zero or one times!
mesa: for the --amdgpu-atomic-optimizations option: may only occur zero or one times!
[00007febd4063a00] gl gl: Initialized libplacebo v2.72.0 (API v72)
[00007fec4401ed60] main decoder error: buffer deadlock prevented
[mjpeg @ 0x7fec4404bfc0] overread 8
[mjpeg @ 0x7fec4404bfc0] overread 8
[mjpeg @ 0x7fec4404bfc0] overread 8
[mjpeg @ 0x7fec4404bfc0] overread 8
[00007febd4060a20] gl gl: Initialized libplacebo v2.72.0 (API v72)
libva info: VA-API version 1.12.0
libva info: Trying to open /usr/lib/x86_64-linux-gnu/dri/radeonsi_drv_video.so
libva info: Found init function __vaDriverInit_1_12
libva info: va_openDriver() returns 0
[00007feba0051840] gl gl: Initialized libplacebo v2.72.0 (API v72)
[00007fec4401e270] main decoder error: buffer deadlock prevented
[00007fec4404fd00] mjpeg demux error: no EOL
[00007febe4001890] gl gl: Initialized libplacebo v2.72.0 (API v72)
libva info: VA-API version 1.12.0
libva info: Trying to open /usr/lib/x86_64-linux-gnu/dri/radeonsi_drv_video.so
libva info: Found init function __vaDriverInit_1_12
libva info: va_openDriver() returns 0
[00007fec3c056d10] gl gl: Initialized libplacebo v2.72.0 (API v72)
[00007feca90138b0] main decoder error: buffer deadlock prevented
[mjpeg @ 0x7feca8003640] overread 8
[mjpeg @ 0x7feca8003640] overread 8
[mjpeg @ 0x7feca8003640] overread 8
[mjpeg @ 0x7feca8003640] overread 8
[mjpeg @ 0x7feca8003640] overread 8
[mjpeg @ 0x7feca8003640] overread 8
[mjpeg @ 0x7feca8003640] overread 8
[mjpeg @ 0x7feca8003640] overread 8
[mjpeg @ 0x7feca8003640] overread 8
[mjpeg @ 0x7feca8003640] overread 8
[mjpeg @ 0x7feca8003640] overread 8
[mjpeg @ 0x7feca8003640] overread 8
[mjpeg @ 0x7feca8003640] overread 8
[mjpeg @ 0x7feca8003640] overread 8
[mjpeg @ 0x7feca8003640] overread 8
[mjpeg @ 0x7feca8003640] overread 8
[mjpeg @ 0x7feca8003640] overread 8
[mjpeg @ 0x7feca8003640] overread 8
[mjpeg @ 0x7feca8003640] overread 8
[mjpeg @ 0x7feca8003640] overread 2
[mjpeg @ 0x7feca8003640] overread 8
[mjpeg @ 0x7feca8003640] overread 8
[mjpeg @ 0x7feca8003640] overread 8
[mjpeg @ 0x7feca8003640] overread 8
[mjpeg @ 0x7feca8003640] overread 8
[mjpeg @ 0x7feca8003640] overread 8
[mjpeg @ 0x7feca8003640] overread 8
[mjpeg @ 0x7feca8003640] overread 8
[mjpeg @ 0x7feca8003640] overread 8
[mjpeg @ 0x7feca8003640] overread 8
[mjpeg @ 0x7feca8003640] overread 8
[mjpeg @ 0x7feca8003640] overread 8
[mjpeg @ 0x7feca8003640] overread 8
[mjpeg @ 0x7feca8003640] overread 8
[mjpeg @ 0x7feca8003640] overread 8
[mjpeg @ 0x7feca8003640] overread 8
[mjpeg @ 0x7feca8003640] overread 8
[mjpeg @ 0x7feca8003640] overread 8
[mjpeg @ 0x7feca8003640] overread 8
[mjpeg @ 0x7feca8003640] overread 8
[mjpeg @ 0x7feca8003640] overread 8
[mjpeg @ 0x7feca8003640] overread 8
[mjpeg @ 0x7feca8003640] overread 8
[mjpeg @ 0x7feca8003640] overread 8
[mjpeg @ 0x7feca8003640] overread 8
[mjpeg @ 0x7feca8003640] overread 8
[mjpeg @ 0x7feca8003640] overread 8
[mjpeg @ 0x7feca8003640] overread 8
[mjpeg @ 0x7feca8003640] overread 8
[mjpeg @ 0x7feca8003640] overread 8
[mjpeg @ 0x7feca8003640] overread 8
[mjpeg @ 0x7feca8003640] overread 8
[mjpeg @ 0x7feca8003640] overread 8
[mjpeg @ 0x7feca8003640] overread 8
[mjpeg @ 0x7feca8003640] overread 5
[mjpeg @ 0x7feca8003640] overread 8
[mjpeg @ 0x7feca8003640] overread 8
[mjpeg @ 0x7feca8003640] overread 8
[mjpeg @ 0x7feca8003640] overread 8
[mjpeg @ 0x7feca8003640] overread 8
[mjpeg @ 0x7feca8003640] overread 8
[mjpeg @ 0x7feca8003640] overread 8
[mjpeg @ 0x7feca8003640] overread 8
[mjpeg @ 0x7feca8003640] overread 8
[mjpeg @ 0x7feca8003640] overread 8
[mjpeg @ 0x7feca8003640] overread 8
[mjpeg @ 0x7feca8003640] overread 8
[mjpeg @ 0x7feca8003640] overread 8
[mjpeg @ 0x7feca8003640] overread 8
[mjpeg @ 0x7feca8003640] overread 8
[mjpeg @ 0x7feca8003640] overread 8
[mjpeg @ 0x7feca8003640] overread 8
[mjpeg @ 0x7feca8003640] overread 8
[mjpeg @ 0x7feca8003640] overread 8
[mjpeg @ 0x7feca8003640] overread 8
[mjpeg @ 0x7feca8003640] overread 8
[mjpeg @ 0x7feca8003640] overread 8
[mjpeg @ 0x7feca8003640] overread 8
[mjpeg @ 0x7feca8003640] overread 8
[mjpeg @ 0x7feca8003640] overread 8
[00007febe4674380] access stream error: HTTP connection failure
[00007febe4674380] main stream error: connection failed: Connection refused
[00007febe4674380] http stream error: cannot connect to 192.168.0.147:8080
[00007fec14001880] access stream error: HTTP connection failure
[00007fec14001880] main stream error: connection failed: Connection refused
[00007fec14001880] http stream error: cannot connect to 192.168.0.147:8080
[00007fec1c0017b0] gl gl: Initialized libplacebo v2.72.0 (API v72)
libva info: VA-API version 1.12.0
libva info: Trying to open /usr/lib/x86_64-linux-gnu/dri/radeonsi_drv_video.so
libva info: Found init function __vaDriverInit_1_12
libva info: va_openDriver() returns 0
[00007febc4057a90] gl gl: Initialized libplacebo v2.72.0 (API v72)
[00007febfd00ae50] main decoder error: buffer deadlock prevented
[mjpeg @ 0x7febfd00f8c0] overread 8
[mjpeg @ 0x7febfd00f8c0] overread 8
[mjpeg @ 0x7febfd00f8c0] overread 8
[mjpeg @ 0x7febfd00f8c0] overread 8
[mjpeg @ 0x7febfd00f8c0] overread 8
[mjpeg @ 0x7febfd00f8c0] overread 8
[mjpeg @ 0x7febfd00f8c0] overread 8
[mjpeg @ 0x7febfd00f8c0] overread 8
[mjpeg @ 0x7febfd00f8c0] overread 8
[mjpeg @ 0x7febfd00f8c0] overread 8
[mjpeg @ 0x7febfd00f8c0] overread 8
[mjpeg @ 0x7febfd00f8c0] overread 8
[mjpeg @ 0x7febfd00f8c0] overread 8
[mjpeg @ 0x7febfd00f8c0] overread 8
[mjpeg @ 0x7febfd00f8c0] overread 8
[mjpeg @ 0x7febfd00f8c0] overread 8
[mjpeg @ 0x7febfd00f8c0] overread 8
[mjpeg @ 0x7febfd00f8c0] overread 8
[mjpeg @ 0x7febfd00f8c0] overread 8
[mjpeg @ 0x7febfd00f8c0] overread 8
[mjpeg @ 0x7febfd00f8c0] overread 8
[mjpeg @ 0x7febfd00f8c0] overread 8
QObject::~QObject: Timers cannot be stopped from another thread
[000055ecf002a640] main libvlc: Running vlc with the default interface. Use 'cvlc' to use vlc without interface.
[00007fa6d8004130] gl gl: Initialized libplacebo v2.72.0 (API v72)
libva info: VA-API version 1.12.0
libva info: Trying to open /usr/lib/x86_64-linux-gnu/dri/radeonsi_drv_video.so
libva info: Found init function __vaDriverInit_1_12
libva info: va_openDriver() returns 0
mesa: for the --simplifycfg-sink-common option: may only occur zero or one times!
mesa: for the --global-isel-abort option: may only occur zero or one times!
mesa: for the --amdgpu-atomic-optimizations option: may only occur zero or one times!
[00007fa69005adc0] gl gl: Initialized libplacebo v2.72.0 (API v72)
[00007fa6f001e2b0] main decoder error: buffer deadlock prevented
[00007fa690033090] gl gl: Initialized libplacebo v2.72.0 (API v72)
libva info: VA-API version 1.12.0
libva info: Trying to open /usr/lib/x86_64-linux-gnu/dri/radeonsi_drv_video.so
libva info: Found init function __vaDriverInit_1_12
libva info: va_openDriver() returns 0
[00007fa64c051c10] gl gl: Initialized libplacebo v2.72.0 (API v72)
[00007fa6f0008eb0] main decoder error: buffer deadlock prevented
[mjpeg @ 0x7fa6f004d740] overread 8
[mjpeg @ 0x7fa6f004d740] overread 8
[mjpeg @ 0x7fa6f004d740] overread 8
[mjpeg @ 0x7fa6f004d740] overread 8
[mjpeg @ 0x7fa6f004d740] overread 8
[mjpeg @ 0x7fa6f004d740] overread 8
[mjpeg @ 0x7fa6f004d740] overread 8
